<?xml version="1.0" encoding="utf-8"?><testsuites><testsuite errors="0" failures="15" hostname="9002fd428f35" name="pytest" skipped="118" tests="200" time="1.193" timestamp="2021-07-29T12:38:58.548057"><testcase classname="test.test_result" name="test_result[Create-skip0]" time="0.004"><skipped message="skip test" type="pytest.skip">/var/lib/jenkins/jobs/Jenkins CICD Mongo API/workspace/test/test_result.py:22: skip test</skipped></testcase><testcase classname="test.test_result" name="test_result[Read-skip0]" time="0.001"><skipped message="skip test" type="pytest.skip">/var/lib/jenkins/jobs/Jenkins CICD Mongo API/workspace/test/test_result.py:22: skip test</skipped></testcase><testcase classname="test.test_result" name="test_result[Update-skip0]" time="0.002"><skipped message="skip test" type="pytest.skip">/var/lib/jenkins/jobs/Jenkins CICD Mongo API/workspace/test/test_result.py:22: skip test</skipped></testcase><testcase classname="test.test_result" name="test_result[Delete-skip0]" time="0.001"><skipped message="skip test" type="pytest.skip">/var/lib/jenkins/jobs/Jenkins CICD Mongo API/workspace/test/test_result.py:22: skip test</skipped></testcase><testcase classname="test.test_result" name="test_result[Create-skip1]" time="0.001"><skipped message="skip test" type="pytest.skip">/var/lib/jenkins/jobs/Jenkins CICD Mongo API/workspace/test/test_result.py:22: skip test</skipped></testcase><testcase classname="test.test_result" name="test_result[Read-ok0]" time="0.001" /><testcase classname="test.test_result" name="test_result[Update-skip1]" time="0.001"><skipped message="skip test" type="pytest.skip">/var/lib/jenkins/jobs/Jenkins CICD Mongo API/workspace/test/test_result.py:22: skip test</skipped></testcase><testcase classname="test.test_result" name="test_result[Delete-skip1]" time="0.001"><skipped message="skip test" type="pytest.skip">/var/lib/jenkins/jobs/Jenkins CICD Mongo API/workspace/test/test_result.py:22: skip test</skipped></testcase><testcase classname="test.test_result" name="test_result[Create-skip2]" time="0.001"><skipped message="skip test" type="pytest.skip">/var/lib/jenkins/jobs/Jenkins CICD Mongo API/workspace/test/test_result.py:22: skip test</skipped></testcase><testcase classname="test.test_result" name="test_result[Read-skip1]" time="0.001"><skipped message="skip test" type="pytest.skip">/var/lib/jenkins/jobs/Jenkins CICD Mongo API/workspace/test/test_result.py:22: skip test</skipped></testcase><testcase classname="test.test_result" name="test_result[Update-skip2]" time="0.001"><skipped message="skip test" type="pytest.skip">/var/lib/jenkins/jobs/Jenkins CICD Mongo API/workspace/test/test_result.py:22: skip test</skipped></testcase><testcase classname="test.test_result" name="test_result[Delete-skip2]" time="0.001"><skipped message="skip test" type="pytest.skip">/var/lib/jenkins/jobs/Jenkins CICD Mongo API/workspace/test/test_result.py:22: skip test</skipped></testcase><testcase classname="test.test_result" name="test_result[Create-ok0]" time="0.001" /><testcase classname="test.test_result" name="test_result[Read-skip2]" time="0.001"><skipped message="skip test" type="pytest.skip">/var/lib/jenkins/jobs/Jenkins CICD Mongo API/workspace/test/test_result.py:22: skip test</skipped></testcase><testcase classname="test.test_result" name="test_result[Update-skip3]" time="0.001"><skipped message="skip test" type="pytest.skip">/var/lib/jenkins/jobs/Jenkins CICD Mongo API/workspace/test/test_result.py:22: skip test</skipped></testcase><testcase classname="test.test_result" name="test_result[Delete-skip3]" time="0.001"><skipped message="skip test" type="pytest.skip">/var/lib/jenkins/jobs/Jenkins CICD Mongo API/workspace/test/test_result.py:22: skip test</skipped></testcase><testcase classname="test.test_result" name="test_result[Create-skip3]" time="0.001"><skipped message="skip test" type="pytest.skip">/var/lib/jenkins/jobs/Jenkins CICD Mongo API/workspace/test/test_result.py:22: skip test</skipped></testcase><testcase classname="test.test_result" name="test_result[Read-ok1]" time="0.001" /><testcase classname="test.test_result" name="test_result[Update-ok0]" time="0.001" /><testcase classname="test.test_result" name="test_result[Delete-ok0]" time="0.001" /><testcase classname="test.test_result" name="test_result[Create-skip4]" time="0.001"><skipped message="skip test" type="pytest.skip">/var/lib/jenkins/jobs/Jenkins CICD Mongo API/workspace/test/test_result.py:22: skip test</skipped></testcase><testcase classname="test.test_result" name="test_result[Read-ok2]" time="0.001" /><testcase classname="test.test_result" name="test_result[Update-skip4]" time="0.001"><skipped message="skip test" type="pytest.skip">/var/lib/jenkins/jobs/Jenkins CICD Mongo API/workspace/test/test_result.py:22: skip test</skipped></testcase><testcase classname="test.test_result" name="test_result[Delete-failed0]" time="0.003"><failure message="AssertionError: assert 'failed' == 'ok'&#10;  - ok&#10;  + failed">key = 'Delete', val = 'failed'

    @pytest.mark.parametrize(
        "key,val",
        arr,
    )
    def test_result(key, val):
        if val == 'skip':
            pytest.skip('skip test')
        else:
&gt;           assert val == 'ok'
E           AssertionError: assert 'failed' == 'ok'
E             - ok
E             + failed

test/test_result.py:24: AssertionError</failure></testcase><testcase classname="test.test_result" name="test_result[Create-skip5]" time="0.001"><skipped message="skip test" type="pytest.skip">/var/lib/jenkins/jobs/Jenkins CICD Mongo API/workspace/test/test_result.py:22: skip test</skipped></testcase><testcase classname="test.test_result" name="test_result[Read-ok3]" time="0.001" /><testcase classname="test.test_result" name="test_result[Update-failed0]" time="0.003"><failure message="AssertionError: assert 'failed' == 'ok'&#10;  - ok&#10;  + failed">key = 'Update', val = 'failed'

    @pytest.mark.parametrize(
        "key,val",
        arr,
    )
    def test_result(key, val):
        if val == 'skip':
            pytest.skip('skip test')
        else:
&gt;           assert val == 'ok'
E           AssertionError: assert 'failed' == 'ok'
E             - ok
E             + failed

test/test_result.py:24: AssertionError</failure></testcase><testcase classname="test.test_result" name="test_result[Delete-ok1]" time="0.001" /><testcase classname="test.test_result" name="test_result[Create-skip6]" time="0.001"><skipped message="skip test" type="pytest.skip">/var/lib/jenkins/jobs/Jenkins CICD Mongo API/workspace/test/test_result.py:22: skip test</skipped></testcase><testcase classname="test.test_result" name="test_result[Read-skip3]" time="0.001"><skipped message="skip test" type="pytest.skip">/var/lib/jenkins/jobs/Jenkins CICD Mongo API/workspace/test/test_result.py:22: skip test</skipped></testcase><testcase classname="test.test_result" name="test_result[Update-skip5]" time="0.001"><skipped message="skip test" type="pytest.skip">/var/lib/jenkins/jobs/Jenkins CICD Mongo API/workspace/test/test_result.py:22: skip test</skipped></testcase><testcase classname="test.test_result" name="test_result[Delete-skip4]" time="0.001"><skipped message="skip test" type="pytest.skip">/var/lib/jenkins/jobs/Jenkins CICD Mongo API/workspace/test/test_result.py:22: skip test</skipped></testcase><testcase classname="test.test_result" name="test_result[Create-skip7]" time="0.001"><skipped message="skip test" type="pytest.skip">/var/lib/jenkins/jobs/Jenkins CICD Mongo API/workspace/test/test_result.py:22: skip test</skipped></testcase><testcase classname="test.test_result" name="test_result[Read-skip4]" time="0.001"><skipped message="skip test" type="pytest.skip">/var/lib/jenkins/jobs/Jenkins CICD Mongo API/workspace/test/test_result.py:22: skip test</skipped></testcase><testcase classname="test.test_result" name="test_result[Update-ok1]" time="0.001" /><testcase classname="test.test_result" name="test_result[Delete-ok2]" time="0.001" /><testcase classname="test.test_result" name="test_result[Create-skip8]" time="0.001"><skipped message="skip test" type="pytest.skip">/var/lib/jenkins/jobs/Jenkins CICD Mongo API/workspace/test/test_result.py:22: skip test</skipped></testcase><testcase classname="test.test_result" name="test_result[Read-ok4]" time="0.001" /><testcase classname="test.test_result" name="test_result[Update-ok2]" time="0.001" /><testcase classname="test.test_result" name="test_result[Delete-skip5]" time="0.001"><skipped message="skip test" type="pytest.skip">/var/lib/jenkins/jobs/Jenkins CICD Mongo API/workspace/test/test_result.py:22: skip test</skipped></testcase><testcase classname="test.test_result" name="test_result[Create-skip9]" time="0.001"><skipped message="skip test" type="pytest.skip">/var/lib/jenkins/jobs/Jenkins CICD Mongo API/workspace/test/test_result.py:22: skip test</skipped></testcase><testcase classname="test.test_result" name="test_result[Read-failed0]" time="0.001"><failure message="AssertionError: assert 'failed' == 'ok'&#10;  - ok&#10;  + failed">key = 'Read', val = 'failed'

    @pytest.mark.parametrize(
        "key,val",
        arr,
    )
    def test_result(key, val):
        if val == 'skip':
            pytest.skip('skip test')
        else:
&gt;           assert val == 'ok'
E           AssertionError: assert 'failed' == 'ok'
E             - ok
E             + failed

test/test_result.py:24: AssertionError</failure></testcase><testcase classname="test.test_result" name="test_result[Update-skip6]" time="0.001"><skipped message="skip test" type="pytest.skip">/var/lib/jenkins/jobs/Jenkins CICD Mongo API/workspace/test/test_result.py:22: skip test</skipped></testcase><testcase classname="test.test_result" name="test_result[Delete-skip6]" time="0.001"><skipped message="skip test" type="pytest.skip">/var/lib/jenkins/jobs/Jenkins CICD Mongo API/workspace/test/test_result.py:22: skip test</skipped></testcase><testcase classname="test.test_result" name="test_result[Create-ok1]" time="0.001" /><testcase classname="test.test_result" name="test_result[Read-ok5]" time="0.001" /><testcase classname="test.test_result" name="test_result[Update-ok3]" time="0.001" /><testcase classname="test.test_result" name="test_result[Delete-skip7]" time="0.001"><skipped message="skip test" type="pytest.skip">/var/lib/jenkins/jobs/Jenkins CICD Mongo API/workspace/test/test_result.py:22: skip test</skipped></testcase><testcase classname="test.test_result" name="test_result[Create-skip10]" time="0.001"><skipped message="skip test" type="pytest.skip">/var/lib/jenkins/jobs/Jenkins CICD Mongo API/workspace/test/test_result.py:22: skip test</skipped></testcase><testcase classname="test.test_result" name="test_result[Read-skip5]" time="0.002"><skipped message="skip test" type="pytest.skip">/var/lib/jenkins/jobs/Jenkins CICD Mongo API/workspace/test/test_result.py:22: skip test</skipped></testcase><testcase classname="test.test_result" name="test_result[Update-failed1]" time="0.004"><failure message="AssertionError: assert 'failed' == 'ok'&#10;  - ok&#10;  + failed">key = 'Update', val = 'failed'

    @pytest.mark.parametrize(
        "key,val",
        arr,
    )
    def test_result(key, val):
        if val == 'skip':
            pytest.skip('skip test')
        else:
&gt;           assert val == 'ok'
E           AssertionError: assert 'failed' == 'ok'
E             - ok
E             + failed

test/test_result.py:24: AssertionError</failure></testcase><testcase classname="test.test_result" name="test_result[Delete-skip8]" time="0.003"><skipped message="skip test" type="pytest.skip">/var/lib/jenkins/jobs/Jenkins CICD Mongo API/workspace/test/test_result.py:22: skip test</skipped></testcase><testcase classname="test.test_result" name="test_result[Create-skip11]" time="0.001"><skipped message="skip test" type="pytest.skip">/var/lib/jenkins/jobs/Jenkins CICD Mongo API/workspace/test/test_result.py:22: skip test</skipped></testcase><testcase classname="test.test_result" name="test_result[Read-skip6]" time="0.001"><skipped message="skip test" type="pytest.skip">/var/lib/jenkins/jobs/Jenkins CICD Mongo API/workspace/test/test_result.py:22: skip test</skipped></testcase><testcase classname="test.test_result" name="test_result[Update-skip7]" time="0.001"><skipped message="skip test" type="pytest.skip">/var/lib/jenkins/jobs/Jenkins CICD Mongo API/workspace/test/test_result.py:22: skip test</skipped></testcase><testcase classname="test.test_result" name="test_result[Delete-skip9]" time="0.001"><skipped message="skip test" type="pytest.skip">/var/lib/jenkins/jobs/Jenkins CICD Mongo API/workspace/test/test_result.py:22: skip test</skipped></testcase><testcase classname="test.test_result" name="test_result[Create-skip12]" time="0.001"><skipped message="skip test" type="pytest.skip">/var/lib/jenkins/jobs/Jenkins CICD Mongo API/workspace/test/test_result.py:22: skip test</skipped></testcase><testcase classname="test.test_result" name="test_result[Read-failed1]" time="0.002"><failure message="AssertionError: assert 'failed' == 'ok'&#10;  - ok&#10;  + failed">key = 'Read', val = 'failed'

    @pytest.mark.parametrize(
        "key,val",
        arr,
    )
    def test_result(key, val):
        if val == 'skip':
            pytest.skip('skip test')
        else:
&gt;           assert val == 'ok'
E           AssertionError: assert 'failed' == 'ok'
E             - ok
E             + failed

test/test_result.py:24: AssertionError</failure></testcase><testcase classname="test.test_result" name="test_result[Update-ok4]" time="0.001" /><testcase classname="test.test_result" name="test_result[Delete-ok3]" time="0.001" /><testcase classname="test.test_result" name="test_result[Create-skip13]" time="0.002"><skipped message="skip test" type="pytest.skip">/var/lib/jenkins/jobs/Jenkins CICD Mongo API/workspace/test/test_result.py:22: skip test</skipped></testcase><testcase classname="test.test_result" name="test_result[Read-skip7]" time="0.001"><skipped message="skip test" type="pytest.skip">/var/lib/jenkins/jobs/Jenkins CICD Mongo API/workspace/test/test_result.py:22: skip test</skipped></testcase><testcase classname="test.test_result" name="test_result[Update-skip8]" time="0.001"><skipped message="skip test" type="pytest.skip">/var/lib/jenkins/jobs/Jenkins CICD Mongo API/workspace/test/test_result.py:22: skip test</skipped></testcase><testcase classname="test.test_result" name="test_result[Delete-ok4]" time="0.001" /><testcase classname="test.test_result" name="test_result[Create-skip14]" time="0.001"><skipped message="skip test" type="pytest.skip">/var/lib/jenkins/jobs/Jenkins CICD Mongo API/workspace/test/test_result.py:22: skip test</skipped></testcase><testcase classname="test.test_result" name="test_result[Read-failed2]" time="0.001"><failure message="AssertionError: assert 'failed' == 'ok'&#10;  - ok&#10;  + failed">key = 'Read', val = 'failed'

    @pytest.mark.parametrize(
        "key,val",
        arr,
    )
    def test_result(key, val):
        if val == 'skip':
            pytest.skip('skip test')
        else:
&gt;           assert val == 'ok'
E           AssertionError: assert 'failed' == 'ok'
E             - ok
E             + failed

test/test_result.py:24: AssertionError</failure></testcase><testcase classname="test.test_result" name="test_result[Update-skip9]" time="0.001"><skipped message="skip test" type="pytest.skip">/var/lib/jenkins/jobs/Jenkins CICD Mongo API/workspace/test/test_result.py:22: skip test</skipped></testcase><testcase classname="test.test_result" name="test_result[Delete-failed1]" time="0.001"><failure message="AssertionError: assert 'failed' == 'ok'&#10;  - ok&#10;  + failed">key = 'Delete', val = 'failed'

    @pytest.mark.parametrize(
        "key,val",
        arr,
    )
    def test_result(key, val):
        if val == 'skip':
            pytest.skip('skip test')
        else:
&gt;           assert val == 'ok'
E           AssertionError: assert 'failed' == 'ok'
E             - ok
E             + failed

test/test_result.py:24: AssertionError</failure></testcase><testcase classname="test.test_result" name="test_result[Create-skip15]" time="0.001"><skipped message="skip test" type="pytest.skip">/var/lib/jenkins/jobs/Jenkins CICD Mongo API/workspace/test/test_result.py:22: skip test</skipped></testcase><testcase classname="test.test_result" name="test_result[Read-skip8]" time="0.001"><skipped message="skip test" type="pytest.skip">/var/lib/jenkins/jobs/Jenkins CICD Mongo API/workspace/test/test_result.py:22: skip test</skipped></testcase><testcase classname="test.test_result" name="test_result[Update-skip10]" time="0.001"><skipped message="skip test" type="pytest.skip">/var/lib/jenkins/jobs/Jenkins CICD Mongo API/workspace/test/test_result.py:22: skip test</skipped></testcase><testcase classname="test.test_result" name="test_result[Delete-skip10]" time="0.001"><skipped message="skip test" type="pytest.skip">/var/lib/jenkins/jobs/Jenkins CICD Mongo API/workspace/test/test_result.py:22: skip test</skipped></testcase><testcase classname="test.test_result" name="test_result[Create-skip16]" time="0.001"><skipped message="skip test" type="pytest.skip">/var/lib/jenkins/jobs/Jenkins CICD Mongo API/workspace/test/test_result.py:22: skip test</skipped></testcase><testcase classname="test.test_result" name="test_result[Read-ok6]" time="0.001" /><testcase classname="test.test_result" name="test_result[Update-ok5]" time="0.001" /><testcase classname="test.test_result" name="test_result[Delete-skip11]" time="0.001"><skipped message="skip test" type="pytest.skip">/var/lib/jenkins/jobs/Jenkins CICD Mongo API/workspace/test/test_result.py:22: skip test</skipped></testcase><testcase classname="test.test_result" name="test_result[Create-skip17]" time="0.001"><skipped message="skip test" type="pytest.skip">/var/lib/jenkins/jobs/Jenkins CICD Mongo API/workspace/test/test_result.py:22: skip test</skipped></testcase><testcase classname="test.test_result" name="test_result[Read-skip9]" time="0.001"><skipped message="skip test" type="pytest.skip">/var/lib/jenkins/jobs/Jenkins CICD Mongo API/workspace/test/test_result.py:22: skip test</skipped></testcase><testcase classname="test.test_result" name="test_result[Update-skip11]" time="0.001"><skipped message="skip test" type="pytest.skip">/var/lib/jenkins/jobs/Jenkins CICD Mongo API/workspace/test/test_result.py:22: skip test</skipped></testcase><testcase classname="test.test_result" name="test_result[Delete-skip12]" time="0.001"><skipped message="skip test" type="pytest.skip">/var/lib/jenkins/jobs/Jenkins CICD Mongo API/workspace/test/test_result.py:22: skip test</skipped></testcase><testcase classname="test.test_result" name="test_result[Create-skip18]" time="0.002"><skipped message="skip test" type="pytest.skip">/var/lib/jenkins/jobs/Jenkins CICD Mongo API/workspace/test/test_result.py:22: skip test</skipped></testcase><testcase classname="test.test_result" name="test_result[Read-ok7]" time="0.001" /><testcase classname="test.test_result" name="test_result[Update-ok6]" time="0.002" /><testcase classname="test.test_result" name="test_result[Delete-skip13]" time="0.001"><skipped message="skip test" type="pytest.skip">/var/lib/jenkins/jobs/Jenkins CICD Mongo API/workspace/test/test_result.py:22: skip test</skipped></testcase><testcase classname="test.test_result" name="test_result[Create-skip19]" time="0.001"><skipped message="skip test" type="pytest.skip">/var/lib/jenkins/jobs/Jenkins CICD Mongo API/workspace/test/test_result.py:22: skip test</skipped></testcase><testcase classname="test.test_result" name="test_result[Read-skip10]" time="0.001"><skipped message="skip test" type="pytest.skip">/var/lib/jenkins/jobs/Jenkins CICD Mongo API/workspace/test/test_result.py:22: skip test</skipped></testcase><testcase classname="test.test_result" name="test_result[Update-skip12]" time="0.001"><skipped message="skip test" type="pytest.skip">/var/lib/jenkins/jobs/Jenkins CICD Mongo API/workspace/test/test_result.py:22: skip test</skipped></testcase><testcase classname="test.test_result" name="test_result[Delete-skip14]" time="0.002"><skipped message="skip test" type="pytest.skip">/var/lib/jenkins/jobs/Jenkins CICD Mongo API/workspace/test/test_result.py:22: skip test</skipped></testcase><testcase classname="test.test_result" name="test_result[Create-skip20]" time="0.001"><skipped message="skip test" type="pytest.skip">/var/lib/jenkins/jobs/Jenkins CICD Mongo API/workspace/test/test_result.py:22: skip test</skipped></testcase><testcase classname="test.test_result" name="test_result[Read-skip11]" time="0.001"><skipped message="skip test" type="pytest.skip">/var/lib/jenkins/jobs/Jenkins CICD Mongo API/workspace/test/test_result.py:22: skip test</skipped></testcase><testcase classname="test.test_result" name="test_result[Update-ok7]" time="0.001" /><testcase classname="test.test_result" name="test_result[Delete-ok5]" time="0.002" /><testcase classname="test.test_result" name="test_result[Create-ok2]" time="0.002" /><testcase classname="test.test_result" name="test_result[Read-ok8]" time="0.001" /><testcase classname="test.test_result" name="test_result[Update-ok8]" time="0.001" /><testcase classname="test.test_result" name="test_result[Delete-failed2]" time="0.001"><failure message="AssertionError: assert 'failed' == 'ok'&#10;  - ok&#10;  + failed">key = 'Delete', val = 'failed'

    @pytest.mark.parametrize(
        "key,val",
        arr,
    )
    def test_result(key, val):
        if val == 'skip':
            pytest.skip('skip test')
        else:
&gt;           assert val == 'ok'
E           AssertionError: assert 'failed' == 'ok'
E             - ok
E             + failed

test/test_result.py:24: AssertionError</failure></testcase><testcase classname="test.test_result" name="test_result[Create-ok3]" time="0.001" /><testcase classname="test.test_result" name="test_result[Read-ok9]" time="0.001" /><testcase classname="test.test_result" name="test_result[Update-ok9]" time="0.001" /><testcase classname="test.test_result" name="test_result[Delete-skip15]" time="0.001"><skipped message="skip test" type="pytest.skip">/var/lib/jenkins/jobs/Jenkins CICD Mongo API/workspace/test/test_result.py:22: skip test</skipped></testcase><testcase classname="test.test_result" name="test_result[Create-ok4]" time="0.001" /><testcase classname="test.test_result" name="test_result[Read-skip12]" time="0.001"><skipped message="skip test" type="pytest.skip">/var/lib/jenkins/jobs/Jenkins CICD Mongo API/workspace/test/test_result.py:22: skip test</skipped></testcase><testcase classname="test.test_result" name="test_result[Update-ok10]" time="0.001" /><testcase classname="test.test_result" name="test_result[Delete-skip16]" time="0.001"><skipped message="skip test" type="pytest.skip">/var/lib/jenkins/jobs/Jenkins CICD Mongo API/workspace/test/test_result.py:22: skip test</skipped></testcase><testcase classname="test.test_result" name="test_result[Create-skip21]" time="0.001"><skipped message="skip test" type="pytest.skip">/var/lib/jenkins/jobs/Jenkins CICD Mongo API/workspace/test/test_result.py:22: skip test</skipped></testcase><testcase classname="test.test_result" name="test_result[Read-skip13]" time="0.001"><skipped message="skip test" type="pytest.skip">/var/lib/jenkins/jobs/Jenkins CICD Mongo API/workspace/test/test_result.py:22: skip test</skipped></testcase><testcase classname="test.test_result" name="test_result[Update-ok11]" time="0.001" /><testcase classname="test.test_result" name="test_result[Delete-skip17]" time="0.001"><skipped message="skip test" type="pytest.skip">/var/lib/jenkins/jobs/Jenkins CICD Mongo API/workspace/test/test_result.py:22: skip test</skipped></testcase><testcase classname="test.test_result" name="test_result[Create-skip22]" time="0.001"><skipped message="skip test" type="pytest.skip">/var/lib/jenkins/jobs/Jenkins CICD Mongo API/workspace/test/test_result.py:22: skip test</skipped></testcase><testcase classname="test.test_result" name="test_result[Read-ok10]" time="0.001" /><testcase classname="test.test_result" name="test_result[Update-ok12]" time="0.001" /><testcase classname="test.test_result" name="test_result[Delete-ok6]" time="0.001" /><testcase classname="test.test_result" name="test_result[Create-failed]" time="0.001"><failure message="AssertionError: assert 'failed' == 'ok'&#10;  - ok&#10;  + failed">key = 'Create', val = 'failed'

    @pytest.mark.parametrize(
        "key,val",
        arr,
    )
    def test_result(key, val):
        if val == 'skip':
            pytest.skip('skip test')
        else:
&gt;           assert val == 'ok'
E           AssertionError: assert 'failed' == 'ok'
E             - ok
E             + failed

test/test_result.py:24: AssertionError</failure></testcase><testcase classname="test.test_result" name="test_result[Read-skip14]" time="0.001"><skipped message="skip test" type="pytest.skip">/var/lib/jenkins/jobs/Jenkins CICD Mongo API/workspace/test/test_result.py:22: skip test</skipped></testcase><testcase classname="test.test_result" name="test_result[Update-failed2]" time="0.001"><failure message="AssertionError: assert 'failed' == 'ok'&#10;  - ok&#10;  + failed">key = 'Update', val = 'failed'

    @pytest.mark.parametrize(
        "key,val",
        arr,
    )
    def test_result(key, val):
        if val == 'skip':
            pytest.skip('skip test')
        else:
&gt;           assert val == 'ok'
E           AssertionError: assert 'failed' == 'ok'
E             - ok
E             + failed

test/test_result.py:24: AssertionError</failure></testcase><testcase classname="test.test_result" name="test_result[Delete-failed3]" time="0.001"><failure message="AssertionError: assert 'failed' == 'ok'&#10;  - ok&#10;  + failed">key = 'Delete', val = 'failed'

    @pytest.mark.parametrize(
        "key,val",
        arr,
    )
    def test_result(key, val):
        if val == 'skip':
            pytest.skip('skip test')
        else:
&gt;           assert val == 'ok'
E           AssertionError: assert 'failed' == 'ok'
E             - ok
E             + failed

test/test_result.py:24: AssertionError</failure></testcase><testcase classname="test.test_result" name="test_result[Create-skip23]" time="0.001"><skipped message="skip test" type="pytest.skip">/var/lib/jenkins/jobs/Jenkins CICD Mongo API/workspace/test/test_result.py:22: skip test</skipped></testcase><testcase classname="test.test_result" name="test_result[Read-ok11]" time="0.001" /><testcase classname="test.test_result" name="test_result[Update-skip13]" time="0.001"><skipped message="skip test" type="pytest.skip">/var/lib/jenkins/jobs/Jenkins CICD Mongo API/workspace/test/test_result.py:22: skip test</skipped></testcase><testcase classname="test.test_result" name="test_result[Delete-skip18]" time="0.001"><skipped message="skip test" type="pytest.skip">/var/lib/jenkins/jobs/Jenkins CICD Mongo API/workspace/test/test_result.py:22: skip test</skipped></testcase><testcase classname="test.test_result" name="test_result[Create-skip24]" time="0.001"><skipped message="skip test" type="pytest.skip">/var/lib/jenkins/jobs/Jenkins CICD Mongo API/workspace/test/test_result.py:22: skip test</skipped></testcase><testcase classname="test.test_result" name="test_result[Read-ok12]" time="0.002" /><testcase classname="test.test_result" name="test_result[Update-ok13]" time="0.001" /><testcase classname="test.test_result" name="test_result[Delete-skip19]" time="0.002"><skipped message="skip test" type="pytest.skip">/var/lib/jenkins/jobs/Jenkins CICD Mongo API/workspace/test/test_result.py:22: skip test</skipped></testcase><testcase classname="test.test_result" name="test_result[Create-skip25]" time="0.001"><skipped message="skip test" type="pytest.skip">/var/lib/jenkins/jobs/Jenkins CICD Mongo API/workspace/test/test_result.py:22: skip test</skipped></testcase><testcase classname="test.test_result" name="test_result[Read-ok13]" time="0.001" /><testcase classname="test.test_result" name="test_result[Update-skip14]" time="0.001"><skipped message="skip test" type="pytest.skip">/var/lib/jenkins/jobs/Jenkins CICD Mongo API/workspace/test/test_result.py:22: skip test</skipped></testcase><testcase classname="test.test_result" name="test_result[Delete-ok7]" time="0.001" /><testcase classname="test.test_result" name="test_result[Create-ok5]" time="0.001" /><testcase classname="test.test_result" name="test_result[Read-skip15]" time="0.001"><skipped message="skip test" type="pytest.skip">/var/lib/jenkins/jobs/Jenkins CICD Mongo API/workspace/test/test_result.py:22: skip test</skipped></testcase><testcase classname="test.test_result" name="test_result[Update-ok14]" time="0.001" /><testcase classname="test.test_result" name="test_result[Delete-ok8]" time="0.001" /><testcase classname="test.test_result" name="test_result[Create-skip26]" time="0.001"><skipped message="skip test" type="pytest.skip">/var/lib/jenkins/jobs/Jenkins CICD Mongo API/workspace/test/test_result.py:22: skip test</skipped></testcase><testcase classname="test.test_result" name="test_result[Read-skip16]" time="0.001"><skipped message="skip test" type="pytest.skip">/var/lib/jenkins/jobs/Jenkins CICD Mongo API/workspace/test/test_result.py:22: skip test</skipped></testcase><testcase classname="test.test_result" name="test_result[Update-failed3]" time="0.001"><failure message="AssertionError: assert 'failed' == 'ok'&#10;  - ok&#10;  + failed">key = 'Update', val = 'failed'

    @pytest.mark.parametrize(
        "key,val",
        arr,
    )
    def test_result(key, val):
        if val == 'skip':
            pytest.skip('skip test')
        else:
&gt;           assert val == 'ok'
E           AssertionError: assert 'failed' == 'ok'
E             - ok
E             + failed

test/test_result.py:24: AssertionError</failure></testcase><testcase classname="test.test_result" name="test_result[Delete-skip20]" time="0.001"><skipped message="skip test" type="pytest.skip">/var/lib/jenkins/jobs/Jenkins CICD Mongo API/workspace/test/test_result.py:22: skip test</skipped></testcase><testcase classname="test.test_result" name="test_result[Create-skip27]" time="0.001"><skipped message="skip test" type="pytest.skip">/var/lib/jenkins/jobs/Jenkins CICD Mongo API/workspace/test/test_result.py:22: skip test</skipped></testcase><testcase classname="test.test_result" name="test_result[Read-ok14]" time="0.001" /><testcase classname="test.test_result" name="test_result[Update-skip15]" time="0.001"><skipped message="skip test" type="pytest.skip">/var/lib/jenkins/jobs/Jenkins CICD Mongo API/workspace/test/test_result.py:22: skip test</skipped></testcase><testcase classname="test.test_result" name="test_result[Delete-skip21]" time="0.001"><skipped message="skip test" type="pytest.skip">/var/lib/jenkins/jobs/Jenkins CICD Mongo API/workspace/test/test_result.py:22: skip test</skipped></testcase><testcase classname="test.test_result" name="test_result[Create-ok6]" time="0.001" /><testcase classname="test.test_result" name="test_result[Read-ok15]" time="0.001" /><testcase classname="test.test_result" name="test_result[Update-ok15]" time="0.001" /><testcase classname="test.test_result" name="test_result[Delete-ok9]" time="0.002" /><testcase classname="test.test_result" name="test_result[Create-skip28]" time="0.003"><skipped message="skip test" type="pytest.skip">/var/lib/jenkins/jobs/Jenkins CICD Mongo API/workspace/test/test_result.py:22: skip test</skipped></testcase><testcase classname="test.test_result" name="test_result[Read-skip17]" time="0.006"><skipped message="skip test" type="pytest.skip">/var/lib/jenkins/jobs/Jenkins CICD Mongo API/workspace/test/test_result.py:22: skip test</skipped></testcase><testcase classname="test.test_result" name="test_result[Update-skip16]" time="0.003"><skipped message="skip test" type="pytest.skip">/var/lib/jenkins/jobs/Jenkins CICD Mongo API/workspace/test/test_result.py:22: skip test</skipped></testcase><testcase classname="test.test_result" name="test_result[Delete-failed4]" time="0.001"><failure message="AssertionError: assert 'failed' == 'ok'&#10;  - ok&#10;  + failed">key = 'Delete', val = 'failed'

    @pytest.mark.parametrize(
        "key,val",
        arr,
    )
    def test_result(key, val):
        if val == 'skip':
            pytest.skip('skip test')
        else:
&gt;           assert val == 'ok'
E           AssertionError: assert 'failed' == 'ok'
E             - ok
E             + failed

test/test_result.py:24: AssertionError</failure></testcase><testcase classname="test.test_result" name="test_result[Create-skip29]" time="0.002"><skipped message="skip test" type="pytest.skip">/var/lib/jenkins/jobs/Jenkins CICD Mongo API/workspace/test/test_result.py:22: skip test</skipped></testcase><testcase classname="test.test_result" name="test_result[Read-ok16]" time="0.002" /><testcase classname="test.test_result" name="test_result[Update-skip17]" time="0.002"><skipped message="skip test" type="pytest.skip">/var/lib/jenkins/jobs/Jenkins CICD Mongo API/workspace/test/test_result.py:22: skip test</skipped></testcase><testcase classname="test.test_result" name="test_result[Delete-skip22]" time="0.002"><skipped message="skip test" type="pytest.skip">/var/lib/jenkins/jobs/Jenkins CICD Mongo API/workspace/test/test_result.py:22: skip test</skipped></testcase><testcase classname="test.test_result" name="test_result[Create-ok7]" time="0.001" /><testcase classname="test.test_result" name="test_result[Read-skip18]" time="0.001"><skipped message="skip test" type="pytest.skip">/var/lib/jenkins/jobs/Jenkins CICD Mongo API/workspace/test/test_result.py:22: skip test</skipped></testcase><testcase classname="test.test_result" name="test_result[Update-ok16]" time="0.001" /><testcase classname="test.test_result" name="test_result[Delete-skip23]" time="0.001"><skipped message="skip test" type="pytest.skip">/var/lib/jenkins/jobs/Jenkins CICD Mongo API/workspace/test/test_result.py:22: skip test</skipped></testcase><testcase classname="test.test_result" name="test_result[Create-skip30]" time="0.001"><skipped message="skip test" type="pytest.skip">/var/lib/jenkins/jobs/Jenkins CICD Mongo API/workspace/test/test_result.py:22: skip test</skipped></testcase><testcase classname="test.test_result" name="test_result[Read-ok17]" time="0.001" /><testcase classname="test.test_result" name="test_result[Update-skip18]" time="0.001"><skipped message="skip test" type="pytest.skip">/var/lib/jenkins/jobs/Jenkins CICD Mongo API/workspace/test/test_result.py:22: skip test</skipped></testcase><testcase classname="test.test_result" name="test_result[Delete-skip24]" time="0.001"><skipped message="skip test" type="pytest.skip">/var/lib/jenkins/jobs/Jenkins CICD Mongo API/workspace/test/test_result.py:22: skip test</skipped></testcase><testcase classname="test.test_result" name="test_result[Create-ok8]" time="0.007" /><testcase classname="test.test_result" name="test_result[Read-skip19]" time="0.001"><skipped message="skip test" type="pytest.skip">/var/lib/jenkins/jobs/Jenkins CICD Mongo API/workspace/test/test_result.py:22: skip test</skipped></testcase><testcase classname="test.test_result" name="test_result[Update-skip19]" time="0.001"><skipped message="skip test" type="pytest.skip">/var/lib/jenkins/jobs/Jenkins CICD Mongo API/workspace/test/test_result.py:22: skip test</skipped></testcase><testcase classname="test.test_result" name="test_result[Delete-skip25]" time="0.001"><skipped message="skip test" type="pytest.skip">/var/lib/jenkins/jobs/Jenkins CICD Mongo API/workspace/test/test_result.py:22: skip test</skipped></testcase><testcase classname="test.test_result" name="test_result[Create-skip31]" time="0.001"><skipped message="skip test" type="pytest.skip">/var/lib/jenkins/jobs/Jenkins CICD Mongo API/workspace/test/test_result.py:22: skip test</skipped></testcase><testcase classname="test.test_result" name="test_result[Read-skip20]" time="0.012"><skipped message="skip test" type="pytest.skip">/var/lib/jenkins/jobs/Jenkins CICD Mongo API/workspace/test/test_result.py:22: skip test</skipped></testcase><testcase classname="test.test_result" name="test_result[Update-failed4]" time="0.001"><failure message="AssertionError: assert 'failed' == 'ok'&#10;  - ok&#10;  + failed">key = 'Update', val = 'failed'

    @pytest.mark.parametrize(
        "key,val",
        arr,
    )
    def test_result(key, val):
        if val == 'skip':
            pytest.skip('skip test')
        else:
&gt;           assert val == 'ok'
E           AssertionError: assert 'failed' == 'ok'
E             - ok
E             + failed

test/test_result.py:24: AssertionError</failure></testcase><testcase classname="test.test_result" name="test_result[Delete-ok10]" time="0.001" /><testcase classname="test.test_result" name="test_result[Create-skip32]" time="0.001"><skipped message="skip test" type="pytest.skip">/var/lib/jenkins/jobs/Jenkins CICD Mongo API/workspace/test/test_result.py:22: skip test</skipped></testcase><testcase classname="test.test_result" name="test_result[Read-skip21]" time="0.001"><skipped message="skip test" type="pytest.skip">/var/lib/jenkins/jobs/Jenkins CICD Mongo API/workspace/test/test_result.py:22: skip test</skipped></testcase><testcase classname="test.test_result" name="test_result[Update-ok17]" time="0.001" /><testcase classname="test.test_result" name="test_result[Delete-skip26]" time="0.001"><skipped message="skip test" type="pytest.skip">/var/lib/jenkins/jobs/Jenkins CICD Mongo API/workspace/test/test_result.py:22: skip test</skipped></testcase><testcase classname="test.test_result" name="test_result[Create-skip33]" time="0.001"><skipped message="skip test" type="pytest.skip">/var/lib/jenkins/jobs/Jenkins CICD Mongo API/workspace/test/test_result.py:22: skip test</skipped></testcase><testcase classname="test.test_result" name="test_result[Read-skip22]" time="0.001"><skipped message="skip test" type="pytest.skip">/var/lib/jenkins/jobs/Jenkins CICD Mongo API/workspace/test/test_result.py:22: skip test</skipped></testcase><testcase classname="test.test_result" name="test_result[Update-skip20]" time="0.001"><skipped message="skip test" type="pytest.skip">/var/lib/jenkins/jobs/Jenkins CICD Mongo API/workspace/test/test_result.py:22: skip test</skipped></testcase><testcase classname="test.test_result" name="test_result[Delete-ok11]" time="0.001" /><testcase classname="test.test_result" name="test_result[Create-skip34]" time="0.001"><skipped message="skip test" type="pytest.skip">/var/lib/jenkins/jobs/Jenkins CICD Mongo API/workspace/test/test_result.py:22: skip test</skipped></testcase><testcase classname="test.test_result" name="test_result[Read-ok18]" time="0.001" /><testcase classname="test.test_result" name="test_result[Update-ok18]" time="0.001" /><testcase classname="test.test_result" name="test_result[Delete-skip27]" time="0.001"><skipped message="skip test" type="pytest.skip">/var/lib/jenkins/jobs/Jenkins CICD Mongo API/workspace/test/test_result.py:22: skip test</skipped></testcase><testcase classname="test.test_result" name="test_result[Create-skip35]" time="0.001"><skipped message="skip test" type="pytest.skip">/var/lib/jenkins/jobs/Jenkins CICD Mongo API/workspace/test/test_result.py:22: skip test</skipped></testcase><testcase classname="test.test_result" name="test_result[Read-failed3]" time="0.001"><failure message="AssertionError: assert 'failed' == 'ok'&#10;  - ok&#10;  + failed">key = 'Read', val = 'failed'

    @pytest.mark.parametrize(
        "key,val",
        arr,
    )
    def test_result(key, val):
        if val == 'skip':
            pytest.skip('skip test')
        else:
&gt;           assert val == 'ok'
E           AssertionError: assert 'failed' == 'ok'
E             - ok
E             + failed

test/test_result.py:24: AssertionError</failure></testcase><testcase classname="test.test_result" name="test_result[Update-skip21]" time="0.001"><skipped message="skip test" type="pytest.skip">/var/lib/jenkins/jobs/Jenkins CICD Mongo API/workspace/test/test_result.py:22: skip test</skipped></testcase><testcase classname="test.test_result" name="test_result[Delete-ok12]" time="0.001" /><testcase classname="test.test_result" name="test_result[Create-skip36]" time="0.001"><skipped message="skip test" type="pytest.skip">/var/lib/jenkins/jobs/Jenkins CICD Mongo API/workspace/test/test_result.py:22: skip test</skipped></testcase><testcase classname="test.test_result" name="test_result[Read-skip23]" time="0.001"><skipped message="skip test" type="pytest.skip">/var/lib/jenkins/jobs/Jenkins CICD Mongo API/workspace/test/test_result.py:22: skip test</skipped></testcase><testcase classname="test.test_result" name="test_result[Update-skip22]" time="0.001"><skipped message="skip test" type="pytest.skip">/var/lib/jenkins/jobs/Jenkins CICD Mongo API/workspace/test/test_result.py:22: skip test</skipped></testcase><testcase classname="test.test_result" name="test_result[Delete-skip28]" time="0.001"><skipped message="skip test" type="pytest.skip">/var/lib/jenkins/jobs/Jenkins CICD Mongo API/workspace/test/test_result.py:22: skip test</skipped></testcase><testcase classname="test.test_result" name="test_result[Create-ok9]" time="0.003" /><testcase classname="test.test_result" name="test_result[Read-skip24]" time="0.001"><skipped message="skip test" type="pytest.skip">/var/lib/jenkins/jobs/Jenkins CICD Mongo API/workspace/test/test_result.py:22: skip test</skipped></testcase><testcase classname="test.test_result" name="test_result[Update-skip23]" time="0.001"><skipped message="skip test" type="pytest.skip">/var/lib/jenkins/jobs/Jenkins CICD Mongo API/workspace/test/test_result.py:22: skip test</skipped></testcase><testcase classname="test.test_result" name="test_result[Delete-skip29]" time="0.001"><skipped message="skip test" type="pytest.skip">/var/lib/jenkins/jobs/Jenkins CICD Mongo API/workspace/test/test_result.py:22: skip test</skipped></testcase><testcase classname="test.test_result" name="test_result[Create-ok10]" time="0.001" /><testcase classname="test.test_result" name="test_result[Read-skip25]" time="0.001"><skipped message="skip test" type="pytest.skip">/var/lib/jenkins/jobs/Jenkins CICD Mongo API/workspace/test/test_result.py:22: skip test</skipped></testcase><testcase classname="test.test_result" name="test_result[Update-ok19]" time="0.001" /><testcase classname="test.test_result" name="test_result[Delete-ok13]" time="0.002" /><testcase classname="test.test_result" name="test_result[Create-skip37]" time="0.003"><skipped message="skip test" type="pytest.skip">/var/lib/jenkins/jobs/Jenkins CICD Mongo API/workspace/test/test_result.py:22: skip test</skipped></testcase><testcase classname="test.test_result" name="test_result[Read-ok19]" time="0.001" /><testcase classname="test.test_result" name="test_result[Update-ok20]" time="0.001" /><testcase classname="test.test_result" name="test_result[Delete-ok14]" time="0.001" /></testsuite></testsuites>